2021-01-02 14:28:59 INFO  c.c.o.OnRoadVehicleBreakdownAssistanceApplication:55 - Starting OnRoadVehicleBreakdownAssistanceApplication using Java 15 on DESKTOP-4VE0MSK with PID 13160 (E:\Capgemini Folder\ProjectWorkspace\OnRoadVehicleBreakdownAssistance-master\OnRoadVehicleBreakdownAssistance\target\classes started by Suraj in E:\Capgemini Folder\ProjectWorkspace\OnRoadVehicleBreakdownAssistance-master\OnRoadVehicleBreakdownAssistance)
2021-01-02 14:28:59 DEBUG c.c.o.OnRoadVehicleBreakdownAssistanceApplication:56 - Running with Spring Boot v2.4.1, Spring v5.3.2
2021-01-02 14:28:59 INFO  c.c.o.OnRoadVehicleBreakdownAssistanceApplication:660 - No active profile set, falling back to default profiles: default
2021-01-02 14:28:59 INFO  o.s.b.d.e.DevToolsPropertyDefaultsPostProcessor:255 - Devtools property defaults active! Set 'spring.devtools.add-properties' to 'false' to disable
2021-01-02 14:28:59 INFO  o.s.b.d.e.DevToolsPropertyDefaultsPostProcessor:255 - For additional web related logging consider setting the 'logging.level.web' property to 'DEBUG'
2021-01-02 14:29:00 INFO  o.s.d.r.c.RepositoryConfigurationDelegate:128 - Bootstrapping Spring Data JPA repositories in DEFAULT mode.
2021-01-02 14:29:00 INFO  o.s.d.r.c.RepositoryConfigurationDelegate:188 - Finished Spring Data repository scanning in 46 ms. Found 4 JPA repository interfaces.
2021-01-02 14:29:00 INFO  o.s.c.s.PostProcessorRegistrationDelegate$BeanPostProcessorChecker:350 - Bean 'org.springframework.hateoas.config.HateoasConfiguration' of type [org.springframework.hateoas.config.HateoasConfiguration] is not eligible for getting processed by all BeanPostProcessors (for example: not eligible for auto-proxying)
2021-01-02 14:29:00 INFO  o.s.c.s.PostProcessorRegistrationDelegate$BeanPostProcessorChecker:350 - Bean 'relProviderPluginRegistry' of type [org.springframework.plugin.core.support.PluginRegistryFactoryBean] is not eligible for getting processed by all BeanPostProcessors (for example: not eligible for auto-proxying)
2021-01-02 14:29:00 INFO  o.s.c.s.PostProcessorRegistrationDelegate$BeanPostProcessorChecker:350 - Bean 'relProviderPluginRegistry' of type [org.springframework.plugin.core.OrderAwarePluginRegistry] is not eligible for getting processed by all BeanPostProcessors (for example: not eligible for auto-proxying)
2021-01-02 14:29:00 INFO  o.s.c.s.PostProcessorRegistrationDelegate$BeanPostProcessorChecker:350 - Bean '_relProvider' of type [org.springframework.hateoas.server.core.DelegatingLinkRelationProvider] is not eligible for getting processed by all BeanPostProcessors (for example: not eligible for auto-proxying)
2021-01-02 14:29:00 INFO  o.s.c.s.PostProcessorRegistrationDelegate$BeanPostProcessorChecker:350 - Bean 'messageResolver' of type [org.springframework.hateoas.mediatype.MessageSourceResolver] is not eligible for getting processed by all BeanPostProcessors (for example: not eligible for auto-proxying)
2021-01-02 14:29:00 INFO  o.s.c.s.PostProcessorRegistrationDelegate$BeanPostProcessorChecker:350 - Bean 'org.springframework.data.web.config.SpringDataJacksonConfiguration' of type [org.springframework.data.web.config.SpringDataJacksonConfiguration] is not eligible for getting processed by all BeanPostProcessors (for example: not eligible for auto-proxying)
2021-01-02 14:29:00 INFO  o.s.c.s.PostProcessorRegistrationDelegate$BeanPostProcessorChecker:350 - Bean 'jacksonGeoModule' of type [org.springframework.data.geo.GeoModule] is not eligible for getting processed by all BeanPostProcessors (for example: not eligible for auto-proxying)
2021-01-02 14:29:00 INFO  o.s.c.s.PostProcessorRegistrationDelegate$BeanPostProcessorChecker:350 - Bean 'org.springframework.boot.autoconfigure.data.rest.RepositoryRestMvcAutoConfiguration' of type [org.springframework.boot.autoconfigure.data.rest.RepositoryRestMvcAutoConfiguration] is not eligible for getting processed by all BeanPostProcessors (for example: not eligible for auto-proxying)
2021-01-02 14:29:00 INFO  o.s.c.s.PostProcessorRegistrationDelegate$BeanPostProcessorChecker:350 - Bean 'org.springframework.boot.autoconfigure.jackson.JacksonAutoConfiguration$JacksonObjectMapperBuilderConfiguration' of type [org.springframework.boot.autoconfigure.jackson.JacksonAutoConfiguration$JacksonObjectMapperBuilderConfiguration] is not eligible for getting processed by all BeanPostProcessors (for example: not eligible for auto-proxying)
2021-01-02 14:29:00 INFO  o.s.c.s.PostProcessorRegistrationDelegate$BeanPostProcessorChecker:350 - Bean 'org.springframework.boot.autoconfigure.jackson.JacksonAutoConfiguration$Jackson2ObjectMapperBuilderCustomizerConfiguration' of type [org.springframework.boot.autoconfigure.jackson.JacksonAutoConfiguration$Jackson2ObjectMapperBuilderCustomizerConfiguration] is not eligible for getting processed by all BeanPostProcessors (for example: not eligible for auto-proxying)
2021-01-02 14:29:00 INFO  o.s.c.s.PostProcessorRegistrationDelegate$BeanPostProcessorChecker:350 - Bean 'spring.jackson-org.springframework.boot.autoconfigure.jackson.JacksonProperties' of type [org.springframework.boot.autoconfigure.jackson.JacksonProperties] is not eligible for getting processed by all BeanPostProcessors (for example: not eligible for auto-proxying)
2021-01-02 14:29:00 INFO  o.s.c.s.PostProcessorRegistrationDelegate$BeanPostProcessorChecker:350 - Bean 'standardJacksonObjectMapperBuilderCustomizer' of type [org.springframework.boot.autoconfigure.jackson.JacksonAutoConfiguration$Jackson2ObjectMapperBuilderCustomizerConfiguration$StandardJackson2ObjectMapperBuilderCustomizer] is not eligible for getting processed by all BeanPostProcessors (for example: not eligible for auto-proxying)
2021-01-02 14:29:00 INFO  o.s.c.s.PostProcessorRegistrationDelegate$BeanPostProcessorChecker:350 - Bean 'org.springframework.boot.autoconfigure.jackson.JacksonAutoConfiguration$ParameterNamesModuleConfiguration' of type [org.springframework.boot.autoconfigure.jackson.JacksonAutoConfiguration$ParameterNamesModuleConfiguration] is not eligible for getting processed by all BeanPostProcessors (for example: not eligible for auto-proxying)
2021-01-02 14:29:00 INFO  o.s.c.s.PostProcessorRegistrationDelegate$BeanPostProcessorChecker:350 - Bean 'parameterNamesModule' of type [com.fasterxml.jackson.module.paramnames.ParameterNamesModule] is not eligible for getting processed by all BeanPostProcessors (for example: not eligible for auto-proxying)
2021-01-02 14:29:00 INFO  o.s.c.s.PostProcessorRegistrationDelegate$BeanPostProcessorChecker:350 - Bean 'org.springframework.boot.autoconfigure.jackson.JacksonAutoConfiguration' of type [org.springframework.boot.autoconfigure.jackson.JacksonAutoConfiguration] is not eligible for getting processed by all BeanPostProcessors (for example: not eligible for auto-proxying)
2021-01-02 14:29:00 INFO  o.s.c.s.PostProcessorRegistrationDelegate$BeanPostProcessorChecker:350 - Bean 'jsonComponentModule' of type [org.springframework.boot.jackson.JsonComponentModule] is not eligible for getting processed by all BeanPostProcessors (for example: not eligible for auto-proxying)
2021-01-02 14:29:00 INFO  o.s.c.s.PostProcessorRegistrationDelegate$BeanPostProcessorChecker:350 - Bean 'jacksonObjectMapperBuilder' of type [org.springframework.http.converter.json.Jackson2ObjectMapperBuilder] is not eligible for getting processed by all BeanPostProcessors (for example: not eligible for auto-proxying)
2021-01-02 14:29:00 INFO  o.s.c.s.PostProcessorRegistrationDelegate$BeanPostProcessorChecker:350 - Bean 'spring.data.rest-org.springframework.boot.autoconfigure.data.rest.RepositoryRestProperties' of type [org.springframework.boot.autoconfigure.data.rest.RepositoryRestProperties] is not eligible for getting processed by all BeanPostProcessors (for example: not eligible for auto-proxying)
2021-01-02 14:29:00 INFO  o.s.c.s.PostProcessorRegistrationDelegate$BeanPostProcessorChecker:350 - Bean 'springBootRepositoryRestConfigurer' of type [org.springframework.boot.autoconfigure.data.rest.SpringBootRepositoryRestConfigurer] is not eligible for getting processed by all BeanPostProcessors (for example: not eligible for auto-proxying)
2021-01-02 14:29:00 INFO  o.s.c.s.PostProcessorRegistrationDelegate$BeanPostProcessorChecker:350 - Bean 'configurerDelegate' of type [org.springframework.data.rest.webmvc.config.RepositoryRestConfigurerDelegate] is not eligible for getting processed by all BeanPostProcessors (for example: not eligible for auto-proxying)
2021-01-02 14:29:00 INFO  o.s.c.s.PostProcessorRegistrationDelegate$BeanPostProcessorChecker:350 - Bean 'org.springframework.boot.autoconfigure.http.HttpMessageConvertersAutoConfiguration$StringHttpMessageConverterConfiguration' of type [org.springframework.boot.autoconfigure.http.HttpMessageConvertersAutoConfiguration$StringHttpMessageConverterConfiguration] is not eligible for getting processed by all BeanPostProcessors (for example: not eligible for auto-proxying)
2021-01-02 14:29:00 INFO  o.s.c.s.PostProcessorRegistrationDelegate$BeanPostProcessorChecker:350 - Bean 'stringHttpMessageConverter' of type [org.springframework.http.converter.StringHttpMessageConverter] is not eligible for getting processed by all BeanPostProcessors (for example: not eligible for auto-proxying)
2021-01-02 14:29:00 INFO  o.s.c.s.PostProcessorRegistrationDelegate$BeanPostProcessorChecker:350 - Bean 'org.springframework.boot.autoconfigure.http.JacksonHttpMessageConvertersConfiguration$MappingJackson2HttpMessageConverterConfiguration' of type [org.springframework.boot.autoconfigure.http.JacksonHttpMessageConvertersConfiguration$MappingJackson2HttpMessageConverterConfiguration] is not eligible for getting processed by all BeanPostProcessors (for example: not eligible for auto-proxying)
2021-01-02 14:29:00 INFO  o.s.c.s.PostProcessorRegistrationDelegate$BeanPostProcessorChecker:350 - Bean 'org.springframework.boot.autoconfigure.jackson.JacksonAutoConfiguration$JacksonObjectMapperConfiguration' of type [org.springframework.boot.autoconfigure.jackson.JacksonAutoConfiguration$JacksonObjectMapperConfiguration] is not eligible for getting processed by all BeanPostProcessors (for example: not eligible for auto-proxying)
2021-01-02 14:29:00 INFO  o.s.c.s.PostProcessorRegistrationDelegate$BeanPostProcessorChecker:350 - Bean 'jacksonObjectMapperBuilder' of type [org.springframework.http.converter.json.Jackson2ObjectMapperBuilder] is not eligible for getting processed by all BeanPostProcessors (for example: not eligible for auto-proxying)
2021-01-02 14:29:00 INFO  o.s.c.s.PostProcessorRegistrationDelegate$BeanPostProcessorChecker:350 - Bean 'jacksonObjectMapper' of type [com.fasterxml.jackson.databind.ObjectMapper] is not eligible for getting processed by all BeanPostProcessors (for example: not eligible for auto-proxying)
2021-01-02 14:29:00 INFO  o.s.c.s.PostProcessorRegistrationDelegate$BeanPostProcessorChecker:350 - Bean 'mappingJackson2HttpMessageConverter' of type [org.springframework.http.converter.json.MappingJackson2HttpMessageConverter] is not eligible for getting processed by all BeanPostProcessors (for example: not eligible for auto-proxying)
2021-01-02 14:29:00 INFO  o.s.c.s.PostProcessorRegistrationDelegate$BeanPostProcessorChecker:350 - Bean 'org.springframework.data.rest.webmvc.config.RepositoryRestMvcConfiguration' of type [org.springframework.data.rest.webmvc.config.RepositoryRestMvcConfiguration] is not eligible for getting processed by all BeanPostProcessors (for example: not eligible for auto-proxying)
2021-01-02 14:29:00 INFO  o.s.b.w.e.t.TomcatWebServer:108 - Tomcat initialized with port(s): 8080 (http)
2021-01-02 14:29:00 INFO  o.a.c.c.StandardService:173 - Starting service [Tomcat]
2021-01-02 14:29:00 INFO  o.a.c.c.StandardEngine:173 - Starting Servlet engine: [Apache Tomcat/9.0.41]
2021-01-02 14:29:01 INFO  o.a.c.c.C.[.[.[/]:173 - Initializing Spring embedded WebApplicationContext
2021-01-02 14:29:01 INFO  o.s.b.w.s.c.ServletWebServerApplicationContext:289 - Root WebApplicationContext: initialization completed in 1477 ms
2021-01-02 14:29:01 INFO  o.h.j.i.u.LogHelper:31 - HHH000204: Processing PersistenceUnitInfo [name: default]
2021-01-02 14:29:01 INFO  o.h.Version:44 - HHH000412: Hibernate ORM core version 5.4.25.Final
2021-01-02 14:29:01 INFO  o.h.a.c.Version:56 - HCANN000001: Hibernate Commons Annotations {5.1.2.Final}
2021-01-02 14:29:01 INFO  c.z.h.HikariDataSource:110 - HikariPool-1 - Starting...
2021-01-02 14:29:01 INFO  c.z.h.HikariDataSource:123 - HikariPool-1 - Start completed.
2021-01-02 14:29:01 INFO  o.h.d.Dialect:175 - HHH000400: Using dialect: org.hibernate.dialect.PostgreSQLDialect
2021-01-02 14:29:03 INFO  o.h.e.t.j.p.i.JtaPlatformInitiator:52 - HHH000490: Using JtaPlatform implementation: [org.hibernate.engine.transaction.jta.platform.internal.NoJtaPlatform]
2021-01-02 14:29:03 INFO  o.s.o.j.LocalContainerEntityManagerFactoryBean:437 - Initialized JPA EntityManagerFactory for persistence unit 'default'
2021-01-02 14:29:03 INFO  o.s.b.d.a.OptionalLiveReloadServer:58 - LiveReload server is running on port 35729
2021-01-02 14:29:03 WARN  o.s.b.a.o.j.JpaBaseConfiguration$JpaWebConfiguration:221 - spring.jpa.open-in-view is enabled by default. Therefore, database queries may be performed during view rendering. Explicitly configure spring.jpa.open-in-view to disable this warning
2021-01-02 14:29:03 INFO  o.s.s.c.ThreadPoolTaskExecutor:181 - Initializing ExecutorService 'applicationTaskExecutor'
2021-01-02 14:29:04 INFO  o.s.b.w.e.t.TomcatWebServer:220 - Tomcat started on port(s): 8080 (http) with context path ''
2021-01-02 14:29:04 INFO  c.c.o.OnRoadVehicleBreakdownAssistanceApplication:61 - Started OnRoadVehicleBreakdownAssistanceApplication in 5.207 seconds (JVM running for 5.985)
2021-01-02 14:29:48 INFO  o.a.c.c.C.[.[.[/]:173 - Initializing Spring DispatcherServlet 'dispatcherServlet'
2021-01-02 14:29:48 INFO  o.s.w.s.DispatcherServlet:525 - Initializing Servlet 'dispatcherServlet'
2021-01-02 14:29:48 INFO  o.s.w.s.DispatcherServlet:547 - Completed initialization in 1 ms
2021-01-02 14:29:48 INFO  c.c.o.c.AdminController:34 - Viewing Feedback
2021-01-02 14:29:48 INFO  c.c.o.s.AdminServiceImpl:33 - Viewing Feedback
2021-01-02 14:30:04 INFO  c.c.o.c.AdminController:45 - Viewing mechanics
2021-01-02 14:30:04 INFO  c.c.o.s.AdminServiceImpl:47 - Viewing Mechanic Details
